<!DOCTYPE html>

<html>
  <head>
  <meta charset='utf-8'>
  <title>TestNG reports</title>

    <link type="text/css" href="testng-reports1.css" rel="stylesheet" id="ultra" />
    <link type="text/css" href="testng-reports.css" rel="stylesheet" id="retro" disabled="false"/>
    <script type="text/javascript" src="jquery-3.4.1.min.js"></script>
    <script type="text/javascript" src="testng-reports.js"></script>
    <script type="text/javascript" src="https://www.google.com/jsapi"></script>
    <script type='text/javascript'>
      google.load('visualization', '1', {packages:['table']});
      google.setOnLoadCallback(drawTable);
      var suiteTableInitFunctions = new Array();
      var suiteTableData = new Array();
    </script>
    <!--
      <script type="text/javascript" src="jquery-ui/js/jquery-ui-1.8.16.custom.min.js"></script>
     -->
  </head>

  <body>
    <div class="top-banner-root">
      <span class="top-banner-title-font">Test results</span>
      <button class="button" id="button">Switch Retro Theme</button> <!-- button -->
      <br/>
      <span class="top-banner-font-1">1 suite, 5 failed tests</span>
    </div> <!-- top-banner-root -->
    <div class="navigator-root">
      <div class="navigator-suite-header">
        <span>All suites</span>
        <a href="#" class="collapse-all-link" title="Collapse/expand all the suites">
          <img class="collapse-all-icon" src="collapseall.gif">
          </img> <!-- collapse-all-icon -->
        </a> <!-- collapse-all-link -->
      </div> <!-- navigator-suite-header -->
      <div class="suite">
        <div class="rounded-window">
          <div class="suite-header light-rounded-window-top">
            <a href="#" class="navigator-link" panel-name="suite-OrangeHRMDemoTestcases">
              <span class="suite-name border-failed">OrangeHRMDemoTestcases</span>
            </a> <!-- navigator-link -->
          </div> <!-- suite-header light-rounded-window-top -->
          <div class="navigator-suite-content">
            <div class="suite-section-title">
              <span>Info</span>
            </div> <!-- suite-section-title -->
            <div class="suite-section-content">
              <ul>
                <li>
                  <a href="#" class="navigator-link " panel-name="test-xml-OrangeHRMDemoTestcases">
                    <span>C:\javaWorkSpace\AutomationFrameWorkAPI\TestProject\TestCasesProject\TestCases.xml</span>
                  </a> <!-- navigator-link  -->
                </li>
                <li>
                  <a href="#" class="navigator-link " panel-name="testlist-OrangeHRMDemoTestcases">
                    <span class="test-stats">1 test</span>
                  </a> <!-- navigator-link  -->
                </li>
                <li>
                  <a href="#" class="navigator-link " panel-name="group-OrangeHRMDemoTestcases">
                    <span>0 groups</span>
                  </a> <!-- navigator-link  -->
                </li>
                <li>
                  <a href="#" class="navigator-link " panel-name="times-OrangeHRMDemoTestcases">
                    <span>Times</span>
                  </a> <!-- navigator-link  -->
                </li>
                <li>
                  <a href="#" class="navigator-link " panel-name="reporter-OrangeHRMDemoTestcases">
                    <span>Reporter output</span>
                  </a> <!-- navigator-link  -->
                </li>
                <li>
                  <a href="#" class="navigator-link " panel-name="ignored-methods-OrangeHRMDemoTestcases">
                    <span>Ignored methods</span>
                  </a> <!-- navigator-link  -->
                </li>
                <li>
                  <a href="#" class="navigator-link " panel-name="chronological-OrangeHRMDemoTestcases">
                    <span>Chronological view</span>
                  </a> <!-- navigator-link  -->
                </li>
              </ul>
            </div> <!-- suite-section-content -->
            <div class="result-section">
              <div class="suite-section-title">
                <span>Results</span>
              </div> <!-- suite-section-title -->
              <div class="suite-section-content">
                <ul>
                  <li>
                    <span class="method-stats">6 methods, 5 failed,   1 passed</span>
                  </li>
                  <li>
                    <span class="method-list-title failed">Failed methods</span>
                    <span class="show-or-hide-methods failed">
                      <a href="#" panel-name="suite-OrangeHRMDemoTestcases" class="hide-methods failed suite-OrangeHRMDemoTestcases"> (hide)</a> <!-- hide-methods failed suite-OrangeHRMDemoTestcases -->
                      <a href="#" panel-name="suite-OrangeHRMDemoTestcases" class="show-methods failed suite-OrangeHRMDemoTestcases"> (show)</a> <!-- show-methods failed suite-OrangeHRMDemoTestcases -->
                    </span>
                    <div class="method-list-content failed suite-OrangeHRMDemoTestcases">
                      <span>
                        <img width="3%" src="failed.png"/>
                        <a href="#" class="method navigator-link" panel-name="suite-OrangeHRMDemoTestcases" title="AutiomationFrameWorkTestCasesProjectTestcases.InvalidLoginTestCases" hash-for-method="TestLoginWithInValidCrdentials(Admin, , Password canot be empty)">TestLoginWithInValidCrdentials(Admin, , Password canot be empty)</a> <!-- method navigator-link -->
                      </span>
                      <br/>
                      <span>
                        <img width="3%" src="failed.png"/>
                        <a href="#" class="method navigator-link" panel-name="suite-OrangeHRMDemoTestcases" title="AutiomationFrameWorkTestCasesProjectTestcases.InvalidLoginTestCases" hash-for-method="TestLoginWithInValidCrdentials(UserName, Password, Error)">TestLoginWithInValidCrdentials(UserName, Password, Error)</a> <!-- method navigator-link -->
                      </span>
                      <br/>
                      <span>
                        <img width="3%" src="failed.png"/>
                        <a href="#" class="method navigator-link" panel-name="suite-OrangeHRMDemoTestcases" title="AutiomationFrameWorkTestCasesProjectTestcases.InvalidLoginTestCases" hash-for-method="TestLoginWithInValidCrdentials(, admin123, Username canot be empty)">TestLoginWithInValidCrdentials(, admin123, Username canot be empty)</a> <!-- method navigator-link -->
                      </span>
                      <br/>
                      <span>
                        <img width="3%" src="failed.png"/>
                        <a href="#" class="method navigator-link" panel-name="suite-OrangeHRMDemoTestcases" title="AutiomationFrameWorkTestCasesProjectTestcases.InvalidLoginTestCases" hash-for-method="TestLoginWithInValidCrdentials(Syed, Afzal, Invalid Credentials)">TestLoginWithInValidCrdentials(Syed, Afzal, Invalid Credentials)</a> <!-- method navigator-link -->
                      </span>
                      <br/>
                      <span>
                        <img width="3%" src="failed.png"/>
                        <a href="#" class="method navigator-link" panel-name="suite-OrangeHRMDemoTestcases" title="AutiomationFrameWorkTestCasesProjectTestcases.InvalidLoginTestCases" hash-for-method="TestLoginWithInValidCrdentials(, , Username canot be empty)">TestLoginWithInValidCrdentials(, , Username canot be empty)</a> <!-- method navigator-link -->
                      </span>
                      <br/>
                    </div> <!-- method-list-content failed suite-OrangeHRMDemoTestcases -->
                  </li>
                  <li>
                    <span class="method-list-title passed">Passed methods</span>
                    <span class="show-or-hide-methods passed">
                      <a href="#" panel-name="suite-OrangeHRMDemoTestcases" class="hide-methods passed suite-OrangeHRMDemoTestcases"> (hide)</a> <!-- hide-methods passed suite-OrangeHRMDemoTestcases -->
                      <a href="#" panel-name="suite-OrangeHRMDemoTestcases" class="show-methods passed suite-OrangeHRMDemoTestcases"> (show)</a> <!-- show-methods passed suite-OrangeHRMDemoTestcases -->
                    </span>
                    <div class="method-list-content passed suite-OrangeHRMDemoTestcases">
                      <span>
                        <img width="3%" src="passed.png"/>
                        <a href="#" class="method navigator-link" panel-name="suite-OrangeHRMDemoTestcases" title="AutiomationFrameWorkTestCasesProjectTestcases.ValidLoginCredentialsTestcase" hash-for-method="TestLoginWithValidCrdentials">TestLoginWithValidCrdentials</a> <!-- method navigator-link -->
                      </span>
                      <br/>
                    </div> <!-- method-list-content passed suite-OrangeHRMDemoTestcases -->
                  </li>
                </ul>
              </div> <!-- suite-section-content -->
            </div> <!-- result-section -->
          </div> <!-- navigator-suite-content -->
        </div> <!-- rounded-window -->
      </div> <!-- suite -->
    </div> <!-- navigator-root -->
    <div class="wrapper">
      <div class="main-panel-root">
        <div panel-name="suite-OrangeHRMDemoTestcases" class="panel OrangeHRMDemoTestcases">
          <div class="suite-OrangeHRMDemoTestcases-class-failed">
            <div class="main-panel-header rounded-window-top">
              <img src="failed.png"/>
              <span class="class-name">AutiomationFrameWorkTestCasesProjectTestcases.InvalidLoginTestCases</span>
            </div> <!-- main-panel-header rounded-window-top -->
            <div class="main-panel-content rounded-window-bottom">
              <div class="method">
                <div class="method-content">
                  <a name="TestLoginWithInValidCrdentials(Admin, , Password canot be empty)">
                  </a> <!-- TestLoginWithInValidCrdentials(Admin, , Password canot be empty) -->
                  <span class="method-name">TestLoginWithInValidCrdentials</span>
                  <span class="parameters">(Admin, , Password canot be empty)</span>
                  <div class="stack-trace">org.openqa.selenium.StaleElementReferenceException: stale element reference: element is not attached to the page document
  (Session info: chrome=90.0.4430.212)
For documentation on this error, please visit: https://www.seleniumhq.org/exceptions/stale_element_reference.html
Build info: version: &apos;3.141.59&apos;, revision: &apos;e82be7d358&apos;, time: &apos;2018-11-14T08:17:03&apos;
System info: host: &apos;LAPTOP-AKU8L8FO&apos;, ip: &apos;172.25.240.1&apos;, os.name: &apos;Windows 10&apos;, os.arch: &apos;amd64&apos;, os.version: &apos;10.0&apos;, java.version: &apos;1.8.0_261&apos;
Driver info: org.openqa.selenium.chrome.ChromeDriver
Capabilities {acceptInsecureCerts: false, browserName: chrome, browserVersion: 90.0.4430.212, chrome: {chromedriverVersion: 90.0.4430.24 (4c6d850f087da..., userDataDir: C:\Users\MLANIE~1\AppData\L...}, goog:chromeOptions: {debuggerAddress: localhost:62411}, javascriptEnabled: true, networkConnectionEnabled: false, pageLoadStrategy: normal, platform: WINDOWS, platformName: WINDOWS, proxy: Proxy(), setWindowRect: true, strictFileInteractability: false, timeouts: {implicit: 0, pageLoad: 300000, script: 30000}, unhandledPromptBehavior: dismiss and notify, webauthn:extension:largeBlob: true, webauthn:virtualAuthenticators: true}
Session ID: 29136fbb0fbc4582afc53c9e4f038fcf
	at org.openqa.selenium.remote.http.W3CHttpResponseCodec.createException(W3CHttpResponseCodec.java:187)
	at org.openqa.selenium.remote.http.W3CHttpResponseCodec.decode(W3CHttpResponseCodec.java:122)
	at org.openqa.selenium.remote.http.W3CHttpResponseCodec.decode(W3CHttpResponseCodec.java:49)
	at org.openqa.selenium.remote.HttpCommandExecutor.execute(HttpCommandExecutor.java:158)
	at org.openqa.selenium.remote.service.DriverCommandExecutor.execute(DriverCommandExecutor.java:83)
	at org.openqa.selenium.remote.RemoteWebDriver.execute(RemoteWebDriver.java:552)
	at org.openqa.selenium.remote.RemoteWebElement.execute(RemoteWebElement.java:285)
	at org.openqa.selenium.remote.RemoteWebElement.clear(RemoteWebElement.java:124)
	at Automation.FramWorkAPI.WebTest.EnterText(WebTest.java:118)
	at AutiomationFramework.TestCasesProjectPages.LoginPage.DoLogin(LoginPage.java:32)
	at AutiomationFrameWorkTestCasesProjectTestcases.InvalidLoginTestCases.TestLoginWithInValidCrdentials(InvalidLoginTestCases.java:28)
	at java.util.ArrayList.forEach(Unknown Source)
... Removed 31 stack frames
</div> <!-- stack-trace -->
                </div> <!-- method-content -->
              </div> <!-- method -->
              <div class="method">
                <div class="method-content">
                  <a name="TestLoginWithInValidCrdentials(UserName, Password, Error)">
                  </a> <!-- TestLoginWithInValidCrdentials(UserName, Password, Error) -->
                  <span class="method-name">TestLoginWithInValidCrdentials</span>
                  <span class="parameters">(UserName, Password, Error)</span>
                  <div class="stack-trace">java.lang.AssertionError: expected [Error] but found [Invalid credentials]
	at AutiomationFrameWorkTestCasesProjectTestcases.InvalidLoginTestCases.TestLoginWithInValidCrdentials(InvalidLoginTestCases.java:31)
	at java.util.ArrayList.forEach(Unknown Source)
... Removed 33 stack frames
</div> <!-- stack-trace -->
                </div> <!-- method-content -->
              </div> <!-- method -->
              <div class="method">
                <div class="method-content">
                  <a name="TestLoginWithInValidCrdentials(, admin123, Username canot be empty)">
                  </a> <!-- TestLoginWithInValidCrdentials(, admin123, Username canot be empty) -->
                  <span class="method-name">TestLoginWithInValidCrdentials</span>
                  <span class="parameters">(, admin123, Username canot be empty)</span>
                  <div class="stack-trace">org.openqa.selenium.StaleElementReferenceException: stale element reference: element is not attached to the page document
  (Session info: chrome=90.0.4430.212)
For documentation on this error, please visit: https://www.seleniumhq.org/exceptions/stale_element_reference.html
Build info: version: &apos;3.141.59&apos;, revision: &apos;e82be7d358&apos;, time: &apos;2018-11-14T08:17:03&apos;
System info: host: &apos;LAPTOP-AKU8L8FO&apos;, ip: &apos;172.25.240.1&apos;, os.name: &apos;Windows 10&apos;, os.arch: &apos;amd64&apos;, os.version: &apos;10.0&apos;, java.version: &apos;1.8.0_261&apos;
Driver info: org.openqa.selenium.chrome.ChromeDriver
Capabilities {acceptInsecureCerts: false, browserName: chrome, browserVersion: 90.0.4430.212, chrome: {chromedriverVersion: 90.0.4430.24 (4c6d850f087da..., userDataDir: C:\Users\MLANIE~1\AppData\L...}, goog:chromeOptions: {debuggerAddress: localhost:62411}, javascriptEnabled: true, networkConnectionEnabled: false, pageLoadStrategy: normal, platform: WINDOWS, platformName: WINDOWS, proxy: Proxy(), setWindowRect: true, strictFileInteractability: false, timeouts: {implicit: 0, pageLoad: 300000, script: 30000}, unhandledPromptBehavior: dismiss and notify, webauthn:extension:largeBlob: true, webauthn:virtualAuthenticators: true}
Session ID: 29136fbb0fbc4582afc53c9e4f038fcf
	at org.openqa.selenium.remote.http.W3CHttpResponseCodec.createException(W3CHttpResponseCodec.java:187)
	at org.openqa.selenium.remote.http.W3CHttpResponseCodec.decode(W3CHttpResponseCodec.java:122)
	at org.openqa.selenium.remote.http.W3CHttpResponseCodec.decode(W3CHttpResponseCodec.java:49)
	at org.openqa.selenium.remote.HttpCommandExecutor.execute(HttpCommandExecutor.java:158)
	at org.openqa.selenium.remote.service.DriverCommandExecutor.execute(DriverCommandExecutor.java:83)
	at org.openqa.selenium.remote.RemoteWebDriver.execute(RemoteWebDriver.java:552)
	at org.openqa.selenium.remote.RemoteWebElement.execute(RemoteWebElement.java:285)
	at org.openqa.selenium.remote.RemoteWebElement.clear(RemoteWebElement.java:124)
	at Automation.FramWorkAPI.WebTest.EnterText(WebTest.java:118)
	at AutiomationFramework.TestCasesProjectPages.LoginPage.DoLogin(LoginPage.java:32)
	at AutiomationFrameWorkTestCasesProjectTestcases.InvalidLoginTestCases.TestLoginWithInValidCrdentials(InvalidLoginTestCases.java:28)
	at java.util.ArrayList.forEach(Unknown Source)
... Removed 31 stack frames
</div> <!-- stack-trace -->
                </div> <!-- method-content -->
              </div> <!-- method -->
              <div class="method">
                <div class="method-content">
                  <a name="TestLoginWithInValidCrdentials(Syed, Afzal, Invalid Credentials)">
                  </a> <!-- TestLoginWithInValidCrdentials(Syed, Afzal, Invalid Credentials) -->
                  <span class="method-name">TestLoginWithInValidCrdentials</span>
                  <span class="parameters">(Syed, Afzal, Invalid Credentials)</span>
                  <div class="stack-trace">org.openqa.selenium.StaleElementReferenceException: stale element reference: element is not attached to the page document
  (Session info: chrome=90.0.4430.212)
For documentation on this error, please visit: https://www.seleniumhq.org/exceptions/stale_element_reference.html
Build info: version: &apos;3.141.59&apos;, revision: &apos;e82be7d358&apos;, time: &apos;2018-11-14T08:17:03&apos;
System info: host: &apos;LAPTOP-AKU8L8FO&apos;, ip: &apos;172.25.240.1&apos;, os.name: &apos;Windows 10&apos;, os.arch: &apos;amd64&apos;, os.version: &apos;10.0&apos;, java.version: &apos;1.8.0_261&apos;
Driver info: org.openqa.selenium.chrome.ChromeDriver
Capabilities {acceptInsecureCerts: false, browserName: chrome, browserVersion: 90.0.4430.212, chrome: {chromedriverVersion: 90.0.4430.24 (4c6d850f087da..., userDataDir: C:\Users\MLANIE~1\AppData\L...}, goog:chromeOptions: {debuggerAddress: localhost:62411}, javascriptEnabled: true, networkConnectionEnabled: false, pageLoadStrategy: normal, platform: WINDOWS, platformName: WINDOWS, proxy: Proxy(), setWindowRect: true, strictFileInteractability: false, timeouts: {implicit: 0, pageLoad: 300000, script: 30000}, unhandledPromptBehavior: dismiss and notify, webauthn:extension:largeBlob: true, webauthn:virtualAuthenticators: true}
Session ID: 29136fbb0fbc4582afc53c9e4f038fcf
	at org.openqa.selenium.remote.http.W3CHttpResponseCodec.createException(W3CHttpResponseCodec.java:187)
	at org.openqa.selenium.remote.http.W3CHttpResponseCodec.decode(W3CHttpResponseCodec.java:122)
	at org.openqa.selenium.remote.http.W3CHttpResponseCodec.decode(W3CHttpResponseCodec.java:49)
	at org.openqa.selenium.remote.HttpCommandExecutor.execute(HttpCommandExecutor.java:158)
	at org.openqa.selenium.remote.service.DriverCommandExecutor.execute(DriverCommandExecutor.java:83)
	at org.openqa.selenium.remote.RemoteWebDriver.execute(RemoteWebDriver.java:552)
	at org.openqa.selenium.remote.RemoteWebElement.execute(RemoteWebElement.java:285)
	at org.openqa.selenium.remote.RemoteWebElement.clear(RemoteWebElement.java:124)
	at Automation.FramWorkAPI.WebTest.EnterText(WebTest.java:118)
	at AutiomationFramework.TestCasesProjectPages.LoginPage.DoLogin(LoginPage.java:32)
	at AutiomationFrameWorkTestCasesProjectTestcases.InvalidLoginTestCases.TestLoginWithInValidCrdentials(InvalidLoginTestCases.java:28)
	at java.util.ArrayList.forEach(Unknown Source)
... Removed 31 stack frames
</div> <!-- stack-trace -->
                </div> <!-- method-content -->
              </div> <!-- method -->
              <div class="method">
                <div class="method-content">
                  <a name="TestLoginWithInValidCrdentials(, , Username canot be empty)">
                  </a> <!-- TestLoginWithInValidCrdentials(, , Username canot be empty) -->
                  <span class="method-name">TestLoginWithInValidCrdentials</span>
                  <span class="parameters">(, , Username canot be empty)</span>
                  <div class="stack-trace">org.openqa.selenium.StaleElementReferenceException: stale element reference: element is not attached to the page document
  (Session info: chrome=90.0.4430.212)
For documentation on this error, please visit: https://www.seleniumhq.org/exceptions/stale_element_reference.html
Build info: version: &apos;3.141.59&apos;, revision: &apos;e82be7d358&apos;, time: &apos;2018-11-14T08:17:03&apos;
System info: host: &apos;LAPTOP-AKU8L8FO&apos;, ip: &apos;172.25.240.1&apos;, os.name: &apos;Windows 10&apos;, os.arch: &apos;amd64&apos;, os.version: &apos;10.0&apos;, java.version: &apos;1.8.0_261&apos;
Driver info: org.openqa.selenium.chrome.ChromeDriver
Capabilities {acceptInsecureCerts: false, browserName: chrome, browserVersion: 90.0.4430.212, chrome: {chromedriverVersion: 90.0.4430.24 (4c6d850f087da..., userDataDir: C:\Users\MLANIE~1\AppData\L...}, goog:chromeOptions: {debuggerAddress: localhost:62411}, javascriptEnabled: true, networkConnectionEnabled: false, pageLoadStrategy: normal, platform: WINDOWS, platformName: WINDOWS, proxy: Proxy(), setWindowRect: true, strictFileInteractability: false, timeouts: {implicit: 0, pageLoad: 300000, script: 30000}, unhandledPromptBehavior: dismiss and notify, webauthn:extension:largeBlob: true, webauthn:virtualAuthenticators: true}
Session ID: 29136fbb0fbc4582afc53c9e4f038fcf
	at org.openqa.selenium.remote.http.W3CHttpResponseCodec.createException(W3CHttpResponseCodec.java:187)
	at org.openqa.selenium.remote.http.W3CHttpResponseCodec.decode(W3CHttpResponseCodec.java:122)
	at org.openqa.selenium.remote.http.W3CHttpResponseCodec.decode(W3CHttpResponseCodec.java:49)
	at org.openqa.selenium.remote.HttpCommandExecutor.execute(HttpCommandExecutor.java:158)
	at org.openqa.selenium.remote.service.DriverCommandExecutor.execute(DriverCommandExecutor.java:83)
	at org.openqa.selenium.remote.RemoteWebDriver.execute(RemoteWebDriver.java:552)
	at org.openqa.selenium.remote.RemoteWebElement.execute(RemoteWebElement.java:285)
	at org.openqa.selenium.remote.RemoteWebElement.clear(RemoteWebElement.java:124)
	at Automation.FramWorkAPI.WebTest.EnterText(WebTest.java:118)
	at AutiomationFramework.TestCasesProjectPages.LoginPage.DoLogin(LoginPage.java:32)
	at AutiomationFrameWorkTestCasesProjectTestcases.InvalidLoginTestCases.TestLoginWithInValidCrdentials(InvalidLoginTestCases.java:28)
	at java.util.ArrayList.forEach(Unknown Source)
... Removed 31 stack frames
</div> <!-- stack-trace -->
                </div> <!-- method-content -->
              </div> <!-- method -->
            </div> <!-- main-panel-content rounded-window-bottom -->
          </div> <!-- suite-OrangeHRMDemoTestcases-class-failed -->
          <div class="suite-OrangeHRMDemoTestcases-class-passed">
            <div class="main-panel-header rounded-window-top">
              <img src="passed.png"/>
              <span class="class-name">AutiomationFrameWorkTestCasesProjectTestcases.ValidLoginCredentialsTestcase</span>
            </div> <!-- main-panel-header rounded-window-top -->
            <div class="main-panel-content rounded-window-bottom">
              <div class="method">
                <div class="method-content">
                  <a name="TestLoginWithValidCrdentials">
                  </a> <!-- TestLoginWithValidCrdentials -->
                  <span class="method-name">TestLoginWithValidCrdentials</span>
                </div> <!-- method-content -->
              </div> <!-- method -->
            </div> <!-- main-panel-content rounded-window-bottom -->
          </div> <!-- suite-OrangeHRMDemoTestcases-class-passed -->
        </div> <!-- panel OrangeHRMDemoTestcases -->
        <div panel-name="test-xml-OrangeHRMDemoTestcases" class="panel">
          <div class="main-panel-header rounded-window-top">
            <span class="header-content">C:\javaWorkSpace\AutomationFrameWorkAPI\TestProject\TestCasesProject\TestCases.xml</span>
          </div> <!-- main-panel-header rounded-window-top -->
          <div class="main-panel-content rounded-window-bottom">
            <pre>
&lt;?xml version=&quot;1.0&quot; encoding=&quot;UTF-8&quot;?&gt;
&lt;!DOCTYPE suite SYSTEM &quot;https://testng.org/testng-1.0.dtd&quot;&gt;
&lt;suite name=&quot;OrangeHRMDemoTestcases&quot;&gt;
  &lt;parameter name=&quot;Browser&quot; value=&quot;CHROME&quot;/&gt;
  &lt;test thread-count=&quot;5&quot; name=&quot;LoginTestcases&quot;&gt;
    &lt;classes&gt;
      &lt;class name=&quot;AutiomationFrameWorkTestCasesProjectTestcases.ValidLoginCredentialsTestcase&quot;/&gt;
      &lt;class name=&quot;AutiomationFrameWorkTestCasesProjectTestcases.InvalidLoginTestCases&quot;/&gt;
    &lt;/classes&gt;
  &lt;/test&gt; &lt;!-- LoginTestcases --&gt;
&lt;/suite&gt; &lt;!-- OrangeHRMDemoTestcases --&gt;
            </pre>
          </div> <!-- main-panel-content rounded-window-bottom -->
        </div> <!-- panel -->
        <div panel-name="testlist-OrangeHRMDemoTestcases" class="panel">
          <div class="main-panel-header rounded-window-top">
            <span class="header-content">Tests for OrangeHRMDemoTestcases</span>
          </div> <!-- main-panel-header rounded-window-top -->
          <div class="main-panel-content rounded-window-bottom">
            <ul>
              <li>
                <span class="test-name">LoginTestcases (2 classes)</span>
              </li>
            </ul>
          </div> <!-- main-panel-content rounded-window-bottom -->
        </div> <!-- panel -->
        <div panel-name="group-OrangeHRMDemoTestcases" class="panel">
          <div class="main-panel-header rounded-window-top">
            <span class="header-content">Groups for OrangeHRMDemoTestcases</span>
          </div> <!-- main-panel-header rounded-window-top -->
          <div class="main-panel-content rounded-window-bottom">
          </div> <!-- main-panel-content rounded-window-bottom -->
        </div> <!-- panel -->
        <div panel-name="times-OrangeHRMDemoTestcases" class="panel">
          <div class="main-panel-header rounded-window-top">
            <span class="header-content">Times for OrangeHRMDemoTestcases</span>
          </div> <!-- main-panel-header rounded-window-top -->
          <div class="main-panel-content rounded-window-bottom">
            <div class="times-div">
              <script type="text/javascript">
suiteTableInitFunctions.push('tableData_OrangeHRMDemoTestcases');
function tableData_OrangeHRMDemoTestcases() {
var data = new google.visualization.DataTable();
data.addColumn('number', 'Number');
data.addColumn('string', 'Method');
data.addColumn('string', 'Class');
data.addColumn('number', 'Time (ms)');
data.addRows(6);
data.setCell(0, 0, 0)
data.setCell(0, 1, 'TestLoginWithValidCrdentials')
data.setCell(0, 2, 'AutiomationFrameWorkTestCasesProjectTestcases.ValidLoginCredentialsTestcase')
data.setCell(0, 3, 5720);
data.setCell(1, 0, 1)
data.setCell(1, 1, 'TestLoginWithInValidCrdentials')
data.setCell(1, 2, 'AutiomationFrameWorkTestCasesProjectTestcases.InvalidLoginTestCases')
data.setCell(1, 3, 2483);
data.setCell(2, 0, 2)
data.setCell(2, 1, 'TestLoginWithInValidCrdentials')
data.setCell(2, 2, 'AutiomationFrameWorkTestCasesProjectTestcases.InvalidLoginTestCases')
data.setCell(2, 3, 43);
data.setCell(3, 0, 3)
data.setCell(3, 1, 'TestLoginWithInValidCrdentials')
data.setCell(3, 2, 'AutiomationFrameWorkTestCasesProjectTestcases.InvalidLoginTestCases')
data.setCell(3, 3, 17);
data.setCell(4, 0, 4)
data.setCell(4, 1, 'TestLoginWithInValidCrdentials')
data.setCell(4, 2, 'AutiomationFrameWorkTestCasesProjectTestcases.InvalidLoginTestCases')
data.setCell(4, 3, 14);
data.setCell(5, 0, 5)
data.setCell(5, 1, 'TestLoginWithInValidCrdentials')
data.setCell(5, 2, 'AutiomationFrameWorkTestCasesProjectTestcases.InvalidLoginTestCases')
data.setCell(5, 3, 12);
window.suiteTableData['OrangeHRMDemoTestcases']= { tableData: data, tableDiv: 'times-div-OrangeHRMDemoTestcases'}
return data;
}
              </script>
              <span class="suite-total-time">Total running time: 8 seconds</span>
              <div id="times-div-OrangeHRMDemoTestcases">
              </div> <!-- times-div-OrangeHRMDemoTestcases -->
            </div> <!-- times-div -->
          </div> <!-- main-panel-content rounded-window-bottom -->
        </div> <!-- panel -->
        <div panel-name="reporter-OrangeHRMDemoTestcases" class="panel">
          <div class="main-panel-header rounded-window-top">
            <span class="header-content">Reporter output for OrangeHRMDemoTestcases</span>
          </div> <!-- main-panel-header rounded-window-top -->
          <div class="main-panel-content rounded-window-bottom">
          </div> <!-- main-panel-content rounded-window-bottom -->
        </div> <!-- panel -->
        <div panel-name="ignored-methods-OrangeHRMDemoTestcases" class="panel">
          <div class="main-panel-header rounded-window-top">
            <span class="header-content">0 ignored methods</span>
          </div> <!-- main-panel-header rounded-window-top -->
          <div class="main-panel-content rounded-window-bottom">
          </div> <!-- main-panel-content rounded-window-bottom -->
        </div> <!-- panel -->
        <div panel-name="chronological-OrangeHRMDemoTestcases" class="panel">
          <div class="main-panel-header rounded-window-top">
            <span class="header-content">Methods in chronological order</span>
          </div> <!-- main-panel-header rounded-window-top -->
          <div class="main-panel-content rounded-window-bottom">
            <div class="chronological-class">
              <div class="chronological-class-name">AutiomationFrameWorkTestCasesProjectTestcases.ValidLoginCredentialsTestcase</div> <!-- chronological-class-name -->
              <div class="configuration-class before">
                <span class="method-name">Init(CHROME)</span>
                <span class="method-start">0 ms</span>
              </div> <!-- configuration-class before -->
              <div class="test-method">
                <span class="method-name">TestLoginWithValidCrdentials</span>
                <span class="method-start">8652 ms</span>
              </div> <!-- test-method -->
            </div> <!-- chronological-class -->
            <div class="chronological-class">
              <div class="chronological-class-name">AutiomationFrameWorkTestCasesProjectTestcases.InvalidLoginTestCases</div> <!-- chronological-class-name -->
              <div class="configuration-class before">
                <span class="method-name">Init(CHROME)</span>
                <span class="method-start">14381 ms</span>
              </div> <!-- configuration-class before -->
              <div class="test-method">
                <img src="failed.png">
                </img>
                <span class="method-name">TestLoginWithInValidCrdentials(UserName, Password, Error)</span>
                <span class="method-start">25017 ms</span>
              </div> <!-- test-method -->
              <div class="test-method">
                <img src="failed.png">
                </img>
                <span class="method-name">TestLoginWithInValidCrdentials(Admin, , Password canot be empty)</span>
                <span class="method-start">27506 ms</span>
              </div> <!-- test-method -->
              <div class="test-method">
                <img src="failed.png">
                </img>
                <span class="method-name">TestLoginWithInValidCrdentials(, admin123, Username canot be empty)</span>
                <span class="method-start">27556 ms</span>
              </div> <!-- test-method -->
              <div class="test-method">
                <img src="failed.png">
                </img>
                <span class="method-name">TestLoginWithInValidCrdentials(, , Username canot be empty)</span>
                <span class="method-start">27576 ms</span>
              </div> <!-- test-method -->
              <div class="test-method">
                <img src="failed.png">
                </img>
                <span class="method-name">TestLoginWithInValidCrdentials(Syed, Afzal, Invalid Credentials)</span>
                <span class="method-start">27594 ms</span>
              </div> <!-- test-method -->
          </div> <!-- main-panel-content rounded-window-bottom -->
        </div> <!-- panel -->
      </div> <!-- main-panel-root -->
    </div> <!-- wrapper -->
  </body>
<script type="text/javascript" src="testng-reports2.js"></script>
</html>
